<?xml version="1.0" encoding="UTF-8" ?>
<testsuite tests="4" failures="1" name="TestSuite" time="1.661" errors="0" skipped="0">
  <properties>
[...]
</properties>
  <testcase classname="terkwazFramWork.seleniumJava.DDTTest" name="dataTestCase" time="1.51"/>
  <testcase classname="terkwazFramWork.seleniumJava.SeleniumTest" name="browserAutomation" time="0"/>
  <testcase classname="terkwazFramWork.seleniumJava.SeleniumTest" name="elementsUI" time="0"/>
  <testcase classname="terkwazFramWork.seleniumJava.TestReportTest" name="openBrowser" time="0.151">
    <failure message="The driver executable does not exist: E:\Selenium CrossOver\chromedriver_win32\chromedriver.exe" type="java.lang.IllegalStateException">java.lang.IllegalStateException: The driver executable does not exist: E:\Selenium CrossOver\chromedriver_win32\chromedriver.exe
	at com.google.common.base.Preconditions.checkState(Preconditions.java:534)
	at org.openqa.selenium.remote.service.DriverService.checkExecutable(DriverService.java:136)
	at org.openqa.selenium.remote.service.DriverService.findExecutable(DriverService.java:131)
	at org.openqa.selenium.chrome.ChromeDriverService.access$000(ChromeDriverService.java:32)
	at org.openqa.selenium.chrome.ChromeDriverService$Builder.findDefaultExecutable(ChromeDriverService.java:137)
	at org.openqa.selenium.remote.service.DriverService$Builder.build(DriverService.java:329)
	at org.openqa.selenium.chrome.ChromeDriverService.createDefaultService(ChromeDriverService.java:88)
	at org.openqa.selenium.chrome.ChromeDriver.&lt;init&gt;(ChromeDriver.java:123)
	at terkwazFramWork.seleniumJava.TestReportTest.openBrowser(TestReportTest.java:41)
</failure>
  </testcase>
</testsuite>